<?xml version="1.0" encoding="UTF-8"?>
<!-- Generated by org.testng.reporters.JUnitReportReporter -->
<testsuite hostname="DESKTOP-901RDSS" failures="0" tests="1" name="TestNGBook.TestNG2" time="0.001" errors="0" timestamp="2021-03-09T21:10:46 IST" skipped="0">
  <testcase classname="TestNGBook.TestNG2" name="test" time="0.001"/>
  <system-out/>
</testsuite> <!-- TestNGBook.TestNG2 -->
