<?xml version="1.0" encoding="UTF-8"?>
<!-- Generated by org.testng.reporters.JUnitReportReporter -->
<testsuite hostname="DESKTOP-901RDSS" failures="0" tests="5" name="TestNGBook.Testtest" time="0.014" errors="0" timestamp="2021-03-09T21:10:46 IST" skipped="0">
  <testcase classname="TestNGBook.Testtest" name="OutPut" time="0.003"/>
  <system-out/>
  <testcase classname="TestNGBook.Testtest" name="Credentials" time="0.002"/>
  <system-out/>
  <testcase classname="TestNGBook.Testtest" name="Logout" time="0.003"/>
  <system-out/>
  <testcase classname="TestNGBook.Testtest" name="HomePage" time="0.004"/>
  <system-out/>
  <testcase classname="TestNGBook.Testtest" name="DoneCheck" time="0.002"/>
  <system-out/>
</testsuite> <!-- TestNGBook.Testtest -->
