<?xml version="1.0" encoding="UTF-8"?>
<!-- Generated by org.testng.reporters.JUnitReportReporter -->
<testsuite hostname="DESKTOP-901RDSS" failures="0" tests="3" name="ParallelDemo.AddMulSub" time="0.021" errors="0" timestamp="2021-03-30T09:16:00 IST" skipped="0">
  <testcase classname="ParallelDemo.AddMulSub" name="Subtraction" time="0.003"/>
  <system-out/>
  <testcase classname="ParallelDemo.AddMulSub" name="Multiplication" time="0.016"/>
  <system-out/>
  <testcase classname="ParallelDemo.AddMulSub" name="Addition" time="0.002"/>
  <system-out/>
</testsuite> <!-- ParallelDemo.AddMulSub -->
