<?xml version="1.0" encoding="UTF-8"?>
<!-- Generated by org.testng.reporters.JUnitReportReporter -->
<testsuite hostname="DESKTOP-901RDSS" failures="0" tests="2" name="BasicCode.StudentName" time="0.015" errors="0" timestamp="2021-03-30T09:36:36 IST" skipped="0">
  <testcase classname="BasicCode.StudentName" name="TotleStudent" time="0.003"/>
  <system-out/>
  <testcase classname="BasicCode.StudentName" name="NameStudent" time="0.012"/>
  <system-out/>
</testsuite> <!-- BasicCode.StudentName -->
