<?xml version="1.0" encoding="UTF-8"?>
<!-- Generated by org.testng.reporters.JUnitReportReporter -->
<testsuite hostname="DESKTOP-901RDSS" failures="0" tests="1" name="PassParameters.PassAddParameters" time="0.004" errors="0" timestamp="2021-03-29T19:44:39 IST" skipped="0">
  <testcase classname="PassParameters.PassAddParameters" name="add" time="0.004"/>
  <system-out/>
</testsuite> <!-- PassParameters.PassAddParameters -->
