<?xml version="1.0" encoding="UTF-8"?>
<!-- Generated by org.testng.reporters.JUnitReportReporter -->
<testsuite hostname="DESKTOP-901RDSS" failures="0" tests="1" name="BasicCode.StudentRollno" time="0.003" errors="0" timestamp="2021-03-30T09:36:36 IST" skipped="0">
  <testcase classname="BasicCode.StudentRollno" name="Rollno" time="0.003"/>
  <system-out/>
</testsuite> <!-- BasicCode.StudentRollno -->
