<?xml version="1.0" encoding="UTF-8"?>
<!-- Generated by org.testng.reporters.JUnitReportReporter -->
<testsuite hostname="DESKTOP-901RDSS" failures="0" tests="1" name="BasicCode.StudentBatch" time="0.002" errors="0" timestamp="2021-03-30T09:36:36 IST" skipped="0">
  <testcase classname="BasicCode.StudentBatch" name="BatchStu" time="0.002"/>
  <system-out/>
</testsuite> <!-- BasicCode.StudentBatch -->
