<?xml version="1.0" encoding="UTF-8"?>
<!-- Generated by org.testng.reporters.JUnitReportReporter -->
<testsuite hostname="DESKTOP-901RDSS" failures="0" tests="2" name="TestNGAttributes.ProvideData" time="0.016" errors="0" timestamp="2021-03-27T21:42:00 IST" skipped="0">
  <testcase classname="TestNGAttributes.ProvideData" name="myTest" time="0.011"/>
  <system-out/>
  <testcase classname="TestNGAttributes.ProvideData" name="myTest" time="0.005"/>
  <system-out/>
</testsuite> <!-- TestNGAttributes.ProvideData -->
