<?xml version="1.0" encoding="UTF-8"?>
<!-- Generated by org.testng.reporters.JUnitReportReporter -->
<testsuite hostname="DESKTOP-901RDSS" failures="0" tests="1" name="TestNGAnnotations.TestAnnotation" time="0.004" errors="0" timestamp="2021-03-09T21:10:46 IST" skipped="0">
  <testcase classname="TestNGAnnotations.TestAnnotation" name="ClickPWD" time="0.004"/>
  <system-out/>
</testsuite> <!-- TestNGAnnotations.TestAnnotation -->
