<?xml version="1.0" encoding="UTF-8"?>
<!-- Generated by org.testng.reporters.JUnitReportReporter -->
<testsuite hostname="DESKTOP-901RDSS" failures="0" tests="3" name="Priorities.SequencePriorities" time="0.025" errors="0" timestamp="2021-03-25T08:51:36 IST" skipped="0">
  <testcase classname="Priorities.SequencePriorities" name="CopyURL" time="0.017"/>
  <system-out/>
  <testcase classname="Priorities.SequencePriorities" name="VisitGoogle" time="0.004"/>
  <system-out/>
  <testcase classname="Priorities.SequencePriorities" name="Search" time="0.004"/>
  <system-out/>
</testsuite> <!-- Priorities.SequencePriorities -->
