<?xml version="1.0" encoding="UTF-8"?>
<!-- Generated by org.testng.reporters.JUnitReportReporter -->
<testsuite hostname="DESKTOP-901RDSS" failures="0" tests="3" name="TestForTestNG.TestNGTest" time="0.010" errors="0" timestamp="2021-03-09T21:10:46 IST" skipped="0">
  <testcase classname="TestForTestNG.TestNGTest" name="testBeforeTest" time="0.002"/>
  <system-out/>
  <testcase classname="TestForTestNG.TestNGTest" name="testAfterSuite" time="0.002"/>
  <system-out/>
  <testcase classname="TestForTestNG.TestNGTest" name="testBeforeSuite" time="0.006"/>
  <system-out/>
</testsuite> <!-- TestForTestNG.TestNGTest -->
