<?xml version="1.0" encoding="UTF-8"?>
<!-- Generated by org.testng.reporters.JUnitReportReporter -->
<testsuite hostname="DESKTOP-901RDSS" failures="0" tests="1" name="TestNGAnnotations.BeforeAnnotation" time="0.008" errors="0" timestamp="2021-03-06T07:20:39 IST" skipped="0">
  <testcase classname="TestNGAnnotations.BeforeAnnotation" name="PasteURL" time="0.008"/>
  <system-out/>
</testsuite> <!-- TestNGAnnotations.BeforeAnnotation -->
