<?xml version="1.0" encoding="UTF-8"?>
<!-- Generated by org.testng.reporters.JUnitReportReporter -->
<testsuite hostname="DESKTOP-901RDSS" failures="0" tests="1" name="Groups.Logout" time="0.000" errors="0" timestamp="2021-03-26T14:05:48 IST" skipped="1">
  <testcase classname="Groups.Logout" name="Logout" time="0.000">
    <skipped/>
  </testcase> <!-- Logout -->
  <system-out/>
</testsuite> <!-- Groups.Logout -->
