<?xml version="1.0" encoding="UTF-8"?>
<!-- Generated by org.testng.reporters.JUnitReportReporter -->
<testsuite hostname="DESKTOP-901RDSS" failures="0" tests="2" name="Groups.LoginTest" time="0.000" errors="0" timestamp="2021-03-26T14:05:48 IST" skipped="2">
  <testcase classname="Groups.LoginTest" name="Forget_Pass" time="0.000">
    <skipped/>
  </testcase> <!-- Forget_Pass -->
  <system-out/>
  <testcase classname="Groups.LoginTest" name="login" time="0.000">
    <skipped/>
  </testcase> <!-- login -->
  <system-out/>
</testsuite> <!-- Groups.LoginTest -->
