<?xml version="1.0" encoding="UTF-8"?>
<!-- Generated by org.testng.reporters.JUnitReportReporter -->
<testsuite hostname="DESKTOP-901RDSS" failures="0" tests="1" name="PassParameters.PassMulParameters" time="0.014" errors="0" timestamp="2021-03-29T19:44:39 IST" skipped="0">
  <testcase classname="PassParameters.PassMulParameters" name="mul" time="0.014"/>
  <system-out/>
</testsuite> <!-- PassParameters.PassMulParameters -->
